<?xml version="1.0" encoding="UTF-8"?>
<!-- Generated by org.testng.reporters.JUnitReportReporter -->
<testsuite hostname="MacBook-Pro-Orlova.local" failures="0" tests="3" name="SteamTest" time="4.267" errors="0" timestamp="2023-02-02T01:28:28 MSK" skipped="0">
  <testcase classname="SteamTest" name="useLoginButton" time="1.722"/>
  <system-out/>
  <testcase classname="SteamTest" name="openUrl" time="0.053"/>
  <system-out/>
  <testcase classname="SteamTest" name="inputStringsClickButton" time="2.492"/>
  <system-out/>
</testsuite> <!-- SteamTest -->
